<?xml version="1.0" encoding="UTF-8"?>
<testsuite xmlns:xsi="http://www.w3.org/2001/XMLSchema-instance" xsi:noNamespaceSchemaLocation="https://maven.apache.org/surefire/maven-surefire-plugin/xsd/surefire-test-report.xsd" version="3.0.2" name="SessionStatsObserverTest" time="2.494" tests="7" errors="0" skipped="0" failures="0">
  <properties>
[...]
</properties>
  <testcase name="testFormatOneToTwentyThreeHours" classname="SessionStatsObserverTest" time="0.0"/>
  <testcase name="testFormatMoreThanOneDay" classname="SessionStatsObserverTest" time="0.0"/>
  <testcase name="testMultipleActivateDeactivate" classname="SessionStatsObserverTest" time="1.191"/>
  <testcase name="testCloseRemovesTracking" classname="SessionStatsObserverTest" time="0.1"/>
  <testcase name="testFormatOneToFiftyNineMinutes" classname="SessionStatsObserverTest" time="0.0"/>
  <testcase name="testDurationTracking" classname="SessionStatsObserverTest" time="1.202"/>
  <testcase name="testFormatLessThanOneMinute" classname="SessionStatsObserverTest" time="0.0"/>
</testsuite>