<?xml version="1.0" encoding="UTF-8"?>
<testsuite xmlns:xsi="http://www.w3.org/2001/XMLSchema-instance" xsi:noNamespaceSchemaLocation="https://maven.apache.org/surefire/maven-surefire-plugin/xsd/surefire-test-report.xsd" version="3.0.2" name="XmlEditorCommandTest" time="0.0" tests="5" errors="0" skipped="0" failures="0">
  <properties>
[...]
</properties>
  <testcase name="testDeleteCommandWithDeepUndo" classname="XmlEditorCommandTest" time="0.0"/>
  <testcase name="testInsertBeforeAndUndo" classname="XmlEditorCommandTest" time="0.0"/>
  <testcase name="testInsertBeforeRootShouldThrow" classname="XmlEditorCommandTest" time="0.0"/>
  <testcase name="testDeleteRootShouldThrow" classname="XmlEditorCommandTest" time="0.0"/>
  <testcase name="testAppendChildAndDeleteUndo" classname="XmlEditorCommandTest" time="0.0"/>
</testsuite>